\BOOKMARK [0][-]{chapter.1}{\376\377\0001\000\040\000C\000l\000a\000s\000s\000\040\000I\000n\000d\000e\000x}{}% 1
\BOOKMARK [1][-]{section.1.1}{\376\377\0001\000.\0001\000\040\000C\000l\000a\000s\000s\000\040\000L\000i\000s\000t}{chapter.1}% 2
\BOOKMARK [0][-]{chapter.2}{\376\377\0002\000\040\000F\000i\000l\000e\000\040\000I\000n\000d\000e\000x}{}% 3
\BOOKMARK [1][-]{section.2.1}{\376\377\0002\000.\0001\000\040\000F\000i\000l\000e\000\040\000L\000i\000s\000t}{chapter.2}% 4
\BOOKMARK [0][-]{chapter.3}{\376\377\0003\000\040\000C\000l\000a\000s\000s\000\040\000D\000o\000c\000u\000m\000e\000n\000t\000a\000t\000i\000o\000n}{}% 5
\BOOKMARK [1][-]{section.3.1}{\376\377\0003\000.\0001\000\040\000C\000u\000e\000n\000t\000a\000B\000a\000n\000c\000a\000r\000i\000a\000\040\000C\000l\000a\000s\000s\000\040\000R\000e\000f\000e\000r\000e\000n\000c\000e}{chapter.3}% 6
\BOOKMARK [2][-]{subsection.3.1.1}{\376\377\0003\000.\0001\000.\0001\000\040\000D\000e\000t\000a\000i\000l\000e\000d\000\040\000D\000e\000s\000c\000r\000i\000p\000t\000i\000o\000n}{section.3.1}% 7
\BOOKMARK [2][-]{subsection.3.1.2}{\376\377\0003\000.\0001\000.\0002\000\040\000C\000o\000n\000s\000t\000r\000u\000c\000t\000o\000r\000\040\000\046\000\040\000D\000e\000s\000t\000r\000u\000c\000t\000o\000r\000\040\000D\000o\000c\000u\000m\000e\000n\000t\000a\000t\000i\000o\000n}{section.3.1}% 8
\BOOKMARK [3][-]{subsubsection.3.1.2.1}{\376\377\0003\000.\0001\000.\0002\000.\0001\000\040\000C\000u\000e\000n\000t\000a\000B\000a\000n\000c\000a\000r\000i\000a\000\050\000\051\000\040\000[\0001\000/\0003\000]}{subsection.3.1.2}% 9
\BOOKMARK [3][-]{subsubsection.3.1.2.2}{\376\377\0003\000.\0001\000.\0002\000.\0002\000\040\000C\000u\000e\000n\000t\000a\000B\000a\000n\000c\000a\000r\000i\000a\000\050\000\051\000\040\000[\0002\000/\0003\000]}{subsection.3.1.2}% 10
\BOOKMARK [3][-]{subsubsection.3.1.2.3}{\376\377\0003\000.\0001\000.\0002\000.\0003\000\040\000C\000u\000e\000n\000t\000a\000B\000a\000n\000c\000a\000r\000i\000a\000\050\000\051\000\040\000[\0003\000/\0003\000]}{subsection.3.1.2}% 11
\BOOKMARK [2][-]{subsection.3.1.3}{\376\377\0003\000.\0001\000.\0003\000\040\000M\000e\000m\000b\000e\000r\000\040\000F\000u\000n\000c\000t\000i\000o\000n\000\040\000D\000o\000c\000u\000m\000e\000n\000t\000a\000t\000i\000o\000n}{section.3.1}% 12
\BOOKMARK [3][-]{subsubsection.3.1.3.1}{\376\377\0003\000.\0001\000.\0003\000.\0001\000\040\000b\000l\000o\000q\000u\000e\000a\000r\000C\000u\000e\000n\000t\000a\000\050\000\051}{subsection.3.1.3}% 13
\BOOKMARK [3][-]{subsubsection.3.1.3.2}{\376\377\0003\000.\0001\000.\0003\000.\0002\000\040\000d\000e\000p\000o\000s\000i\000t\000a\000r\000\050\000\051}{subsection.3.1.3}% 14
\BOOKMARK [3][-]{subsubsection.3.1.3.3}{\376\377\0003\000.\0001\000.\0003\000.\0003\000\040\000d\000e\000s\000b\000l\000o\000q\000u\000e\000a\000r\000C\000u\000e\000n\000t\000a\000\050\000\051}{subsection.3.1.3}% 15
\BOOKMARK [3][-]{subsubsection.3.1.3.4}{\376\377\0003\000.\0001\000.\0003\000.\0004\000\040\000d\000i\000s\000p\000l\000a\000y\000\050\000\051}{subsection.3.1.3}% 16
\BOOKMARK [3][-]{subsubsection.3.1.3.5}{\376\377\0003\000.\0001\000.\0003\000.\0005\000\040\000g\000e\000t\000C\000u\000e\000n\000t\000a\000B\000l\000o\000q\000u\000e\000a\000d\000a\000\050\000\051}{subsection.3.1.3}% 17
\BOOKMARK [3][-]{subsubsection.3.1.3.6}{\376\377\0003\000.\0001\000.\0003\000.\0006\000\040\000g\000e\000t\000N\000u\000m\000e\000r\000o\000C\000u\000e\000n\000t\000a\000\050\000\051}{subsection.3.1.3}% 18
\BOOKMARK [3][-]{subsubsection.3.1.3.7}{\376\377\0003\000.\0001\000.\0003\000.\0007\000\040\000o\000b\000t\000e\000n\000e\000r\000S\000a\000l\000d\000o\000\050\000\051}{subsection.3.1.3}% 19
\BOOKMARK [3][-]{subsubsection.3.1.3.8}{\376\377\0003\000.\0001\000.\0003\000.\0008\000\040\000r\000e\000t\000i\000r\000a\000r\000\050\000\051}{subsection.3.1.3}% 20
\BOOKMARK [3][-]{subsubsection.3.1.3.9}{\376\377\0003\000.\0001\000.\0003\000.\0009\000\040\000s\000e\000t\000N\000u\000m\000e\000r\000o\000C\000u\000e\000n\000t\000a\000\050\000\051}{subsection.3.1.3}% 21
\BOOKMARK [2][-]{subsection.3.1.4}{\376\377\0003\000.\0001\000.\0004\000\040\000F\000r\000i\000e\000n\000d\000s\000\040\000A\000n\000d\000\040\000R\000e\000l\000a\000t\000e\000d\000\040\000F\000u\000n\000c\000t\000i\000o\000n\000\040\000D\000o\000c\000u\000m\000e\000n\000t\000a\000t\000i\000o\000n}{section.3.1}% 22
\BOOKMARK [3][-]{subsubsection.3.1.4.1}{\376\377\0003\000.\0001\000.\0004\000.\0001\000\040\000o\000p\000e\000r\000a\000t\000o\000r\000<\000<}{subsection.3.1.4}% 23
\BOOKMARK [2][-]{subsection.3.1.5}{\376\377\0003\000.\0001\000.\0005\000\040\000M\000e\000m\000b\000e\000r\000\040\000D\000a\000t\000a\000\040\000D\000o\000c\000u\000m\000e\000n\000t\000a\000t\000i\000o\000n}{section.3.1}% 24
\BOOKMARK [3][-]{subsubsection.3.1.5.1}{\376\377\0003\000.\0001\000.\0005\000.\0001\000\040\000c\000u\000e\000n\000t\000a\000B\000l\000o\000q\000u\000e\000a\000d\000a}{subsection.3.1.5}% 25
\BOOKMARK [3][-]{subsubsection.3.1.5.2}{\376\377\0003\000.\0001\000.\0005\000.\0002\000\040\000n\000u\000m\000e\000r\000o\000C\000u\000e\000n\000t\000a}{subsection.3.1.5}% 26
\BOOKMARK [3][-]{subsubsection.3.1.5.3}{\376\377\0003\000.\0001\000.\0005\000.\0003\000\040\000s\000a\000l\000d\000o}{subsection.3.1.5}% 27
\BOOKMARK [0][-]{chapter.4}{\376\377\0004\000\040\000F\000i\000l\000e\000\040\000D\000o\000c\000u\000m\000e\000n\000t\000a\000t\000i\000o\000n}{}% 28
\BOOKMARK [1][-]{section.4.1}{\376\377\0004\000.\0001\000\040\000i\000n\000c\000l\000u\000d\000e\000/\000C\000u\000e\000n\000t\000a\000B\000a\000n\000c\000a\000r\000i\000a\000.\000h\000\040\000F\000i\000l\000e\000\040\000R\000e\000f\000e\000r\000e\000n\000c\000e}{chapter.4}% 29
